<?xml version="1.0" encoding="UTF-8"?>
<testng-results ignored="0" total="1" passed="1" failed="0" skipped="0">
  <reporter-output>
  </reporter-output>
  <suite started-at="2024-05-02T08:38:39 CDT" name="Suite" finished-at="2024-05-02T08:38:39 CDT" duration-ms="31">
    <groups>
    </groups>
    <test started-at="2024-05-02T08:38:39 CDT" name="Test" finished-at="2024-05-02T08:38:39 CDT" duration-ms="31">
      <class name="math.calculator">
        <test-method signature="performCalculation()[pri:0, instance:math.calculator@1f0f1111]" started-at="2024-05-02T08:38:39 CDT" name="performCalculation" finished-at="2024-05-02T08:38:39 CDT" duration-ms="5" status="PASS">
          <reporter-output>
          </reporter-output>
        </test-method> <!-- performCalculation -->
      </class> <!-- math.calculator -->
    </test> <!-- Test -->
  </suite> <!-- Suite -->
</testng-results>
