<?xml version="1.0" encoding="UTF-8"?>
<testng-results ignored="0" total="1" passed="1" failed="0" skipped="0">
  <reporter-output>
  </reporter-output>
  <suite started-at="2024-05-01T23:10:46 CDT" name="Default suite" finished-at="2024-05-01T23:10:46 CDT" duration-ms="28">
    <groups>
    </groups>
    <test started-at="2024-05-01T23:10:46 CDT" name="Default test" finished-at="2024-05-01T23:10:46 CDT" duration-ms="28">
      <class name="math.calculator">
        <test-method signature="performCalculation()[pri:0, instance:math.calculator@41fecb8b]" started-at="2024-05-01T23:10:46 CDT" name="performCalculation" finished-at="2024-05-01T23:10:46 CDT" duration-ms="6" status="PASS">
          <reporter-output>
          </reporter-output>
        </test-method> <!-- performCalculation -->
      </class> <!-- math.calculator -->
    </test> <!-- Default test -->
  </suite> <!-- Default suite -->
</testng-results>
